<?xml version="1.0" encoding="UTF-8"?>
<!-- Generated by org.testng.reporters.JUnitReportReporter -->
<testsuite hostname="ANZPC-JLFBH32" name="com.Tests.ExcelTest" tests="1" failures="0" timestamp="15 May 2016 03:39:29 GMT" time="0.607" errors="0">
  <testcase name="ExcelTest1" time="0.607" classname="com.Tests.ExcelTest"/>
</testsuite> <!-- com.Tests.ExcelTest -->
