<?xml version="1.0" encoding="UTF-8"?>
<!-- Generated by org.testng.reporters.JUnitReportReporter -->
<testsuite hostname="ANZPC-JLFBH32" name="com.Main.ExcelTest" tests="1" failures="0" timestamp="15 May 2016 06:06:18 GMT" time="0.585" errors="0">
  <testcase name="ExcelTest1" time="0.585" classname="com.Main.ExcelTest"/>
</testsuite> <!-- com.Main.ExcelTest -->
