<?xml version="1.0" encoding="UTF-8"?>
<!-- Generated by org.testng.reporters.JUnitReportReporter -->
<testsuite hostname="ANZPC-JLFBH32" name="com.Tests.WebTest" tests="10" failures="0" timestamp="13 May 2016 00:59:54 GMT" time="0.013" errors="0">
  <testcase name="testServer" time="0.000" classname="com.Tests.WebTest"/>
  <testcase name="testServer" time="0.001" classname="com.Tests.WebTest"/>
  <testcase name="testServer" time="0.001" classname="com.Tests.WebTest"/>
  <testcase name="testServer" time="0.008" classname="com.Tests.WebTest"/>
  <testcase name="testServer" time="0.001" classname="com.Tests.WebTest"/>
  <testcase name="testServer" time="0.001" classname="com.Tests.WebTest"/>
  <testcase name="testServer" time="0.001" classname="com.Tests.WebTest"/>
  <testcase name="testServer" time="0.000" classname="com.Tests.WebTest"/>
  <testcase name="testServer" time="0.000" classname="com.Tests.WebTest"/>
  <testcase name="testServer" time="0.000" classname="com.Tests.WebTest"/>
</testsuite> <!-- com.Tests.WebTest -->
