<?xml version="1.0" encoding="UTF-8"?>
<!-- Generated by org.testng.reporters.JUnitReportReporter -->
<testsuite hostname="ANZPC-JLFBH32" name="com.Tests.Tests" tests="10" failures="0" timestamp="17 Jun 2016 06:59:44 GMT" time="17.359" errors="0">
  <testcase name="launchBrowser" time="3.142" classname="com.Tests.Tests"/>
  <testcase name="launchBrowser" time="2.602" classname="com.Tests.Tests"/>
  <testcase name="launchBrowser" time="4.935" classname="com.Tests.Tests"/>
  <testcase name="Test7" time="0.000" classname="com.Tests.Tests"/>
  <testcase name="Test7" time="0.003" classname="com.Tests.Tests"/>
  <testcase name="Test7" time="0.000" classname="com.Tests.Tests"/>
  <testcase name="launchBrowser" time="3.115" classname="com.Tests.Tests"/>
  <testcase name="Test7" time="0.000" classname="com.Tests.Tests"/>
  <testcase name="launchBrowser" time="3.561" classname="com.Tests.Tests"/>
  <testcase name="Test7" time="0.001" classname="com.Tests.Tests"/>
</testsuite> <!-- com.Tests.Tests -->
