<?xml version="1.0" encoding="UTF-8"?>
<!-- Generated by org.testng.reporters.JUnitReportReporter -->
<testsuite hostname="ANZPC-JLFBH32" name="com.Tests.Test1" tests="1" failures="0" timestamp="13 May 2016 00:26:40 GMT" time="0.009" errors="0">
  <testcase name="f" time="0.009" classname="com.Tests.Test1"/>
</testsuite> <!-- com.Tests.Test1 -->
