<?xml version="1.0" encoding="UTF-8"?>
<!-- Generated by org.testng.reporters.JUnitReportReporter -->
<testsuite hostname="ANZPC-JLFBH32" name="com.Tests.Tests2" tests="5" failures="0" timestamp="27 Jun 2016 06:41:12 GMT" time="0.000" errors="0">
  <testcase name="Test2" time="0.000" classname="com.Tests.Tests2"/>
  <testcase name="Test1" time="0.000" classname="com.Tests.Tests2"/>
  <testcase name="Test4" time="0.000" classname="com.Tests.Tests2"/>
  <testcase name="Test5" time="0.000" classname="com.Tests.Tests2"/>
  <testcase name="Test3" time="0.000" classname="com.Tests.Tests2"/>
</testsuite> <!-- com.Tests.Tests2 -->
