<?xml version="1.0" encoding="UTF-8"?>
<!-- Generated by org.testng.reporters.JUnitReportReporter -->
<testsuite hostname="ANZPC-JLFBH32" name="com.Tests.EmailResultsTest" tests="1" failures="0" timestamp="27 Jun 2016 06:41:12 GMT" time="21.329" errors="0">
  <testcase name="sendEmail" time="21.329" classname="com.Tests.EmailResultsTest"/>
</testsuite> <!-- com.Tests.EmailResultsTest -->
